  myRatio.cpp
C:\Users\iaved\Desktop\Messanger\Lab1\myRatio.cpp(4,15): error C2011: 'myRatio': 'class' type redefinition
C:\Users\iaved\Desktop\Messanger\Lab1\myRatio.h(2): message : see declaration of 'myRatio'
C:\Users\iaved\Desktop\Messanger\Lab1\myRatio.cpp(123,6): error C2027: use of undefined type 'myRatio'
C:\Users\iaved\Desktop\Messanger\Lab1\myRatio.h(2): message : see declaration of 'myRatio'
C:\Users\iaved\Desktop\Messanger\Lab1\myRatio.cpp(124,13): error C2027: use of undefined type 'myRatio'
C:\Users\iaved\Desktop\Messanger\Lab1\myRatio.h(2): message : see declaration of 'myRatio'
C:\Users\iaved\Desktop\Messanger\Lab1\myRatio.cpp(124,29): error C2027: use of undefined type 'myRatio'
C:\Users\iaved\Desktop\Messanger\Lab1\myRatio.h(2): message : see declaration of 'myRatio'
C:\Users\iaved\Desktop\Messanger\Lab1\myRatio.cpp(126,6): error C2027: use of undefined type 'myRatio'
C:\Users\iaved\Desktop\Messanger\Lab1\myRatio.h(2): message : see declaration of 'myRatio'
C:\Users\iaved\Desktop\Messanger\Lab1\myRatio.cpp(127,13): error C2027: use of undefined type 'myRatio'
C:\Users\iaved\Desktop\Messanger\Lab1\myRatio.h(2): message : see declaration of 'myRatio'
C:\Users\iaved\Desktop\Messanger\Lab1\myRatio.cpp(127,29): error C2027: use of undefined type 'myRatio'
C:\Users\iaved\Desktop\Messanger\Lab1\myRatio.h(2): message : see declaration of 'myRatio'
C:\Users\iaved\Desktop\Messanger\Lab1\myRatio.cpp(129,6): error C2027: use of undefined type 'myRatio'
C:\Users\iaved\Desktop\Messanger\Lab1\myRatio.h(2): message : see declaration of 'myRatio'
C:\Users\iaved\Desktop\Messanger\Lab1\myRatio.cpp(130,13): error C2027: use of undefined type 'myRatio'
C:\Users\iaved\Desktop\Messanger\Lab1\myRatio.h(2): message : see declaration of 'myRatio'
C:\Users\iaved\Desktop\Messanger\Lab1\myRatio.cpp(130,28): error C2027: use of undefined type 'myRatio'
C:\Users\iaved\Desktop\Messanger\Lab1\myRatio.h(2): message : see declaration of 'myRatio'
C:\Users\iaved\Desktop\Messanger\Lab1\myRatio.cpp(132,6): error C2027: use of undefined type 'myRatio'
C:\Users\iaved\Desktop\Messanger\Lab1\myRatio.h(2): message : see declaration of 'myRatio'
C:\Users\iaved\Desktop\Messanger\Lab1\myRatio.cpp(133,13): error C2027: use of undefined type 'myRatio'
C:\Users\iaved\Desktop\Messanger\Lab1\myRatio.h(2): message : see declaration of 'myRatio'
C:\Users\iaved\Desktop\Messanger\Lab1\myRatio.cpp(133,28): error C2027: use of undefined type 'myRatio'
C:\Users\iaved\Desktop\Messanger\Lab1\myRatio.h(2): message : see declaration of 'myRatio'
C:\Users\iaved\Desktop\Messanger\Lab1\myRatio.cpp(135,6): error C2027: use of undefined type 'myRatio'
C:\Users\iaved\Desktop\Messanger\Lab1\myRatio.h(2): message : see declaration of 'myRatio'
C:\Users\iaved\Desktop\Messanger\Lab1\myRatio.cpp(136,13): error C2027: use of undefined type 'myRatio'
C:\Users\iaved\Desktop\Messanger\Lab1\myRatio.h(2): message : see declaration of 'myRatio'
C:\Users\iaved\Desktop\Messanger\Lab1\myRatio.cpp(136,29): error C2027: use of undefined type 'myRatio'
C:\Users\iaved\Desktop\Messanger\Lab1\myRatio.h(2): message : see declaration of 'myRatio'
C:\Users\iaved\Desktop\Messanger\Lab1\myRatio.cpp(138,6): error C2027: use of undefined type 'myRatio'
C:\Users\iaved\Desktop\Messanger\Lab1\myRatio.h(2): message : see declaration of 'myRatio'
C:\Users\iaved\Desktop\Messanger\Lab1\myRatio.cpp(139,13): error C2027: use of undefined type 'myRatio'
C:\Users\iaved\Desktop\Messanger\Lab1\myRatio.h(2): message : see declaration of 'myRatio'
C:\Users\iaved\Desktop\Messanger\Lab1\myRatio.cpp(139,29): error C2027: use of undefined type 'myRatio'
C:\Users\iaved\Desktop\Messanger\Lab1\myRatio.h(2): message : see declaration of 'myRatio'
C:\Users\iaved\Desktop\Messanger\Lab1\myRatio.cpp(145,43): error C2027: use of undefined type 'myRatio'
C:\Users\iaved\Desktop\Messanger\Lab1\myRatio.h(2): message : see declaration of 'myRatio'
C:\Users\iaved\Desktop\Messanger\Lab1\myRatio.cpp(145,9): error C2027: use of undefined type 'myRatio'
C:\Users\iaved\Desktop\Messanger\Lab1\myRatio.h(2): message : see declaration of 'myRatio'
C:\Users\iaved\Desktop\Messanger\Lab1\myRatio.cpp(146,29): error C2027: use of undefined type 'myRatio'
C:\Users\iaved\Desktop\Messanger\Lab1\myRatio.h(2): message : see declaration of 'myRatio'
C:\Users\iaved\Desktop\Messanger\Lab1\myRatio.cpp(146,56): error C2027: use of undefined type 'myRatio'
C:\Users\iaved\Desktop\Messanger\Lab1\myRatio.h(2): message : see declaration of 'myRatio'
C:\Users\iaved\Desktop\Messanger\Lab1\myRatio.cpp(146,83): error C2027: use of undefined type 'myRatio'
C:\Users\iaved\Desktop\Messanger\Lab1\myRatio.h(2): message : see declaration of 'myRatio'
C:\Users\iaved\Desktop\Messanger\Lab1\myRatio.cpp(146,110): error C2027: use of undefined type 'myRatio'
C:\Users\iaved\Desktop\Messanger\Lab1\myRatio.h(2): message : see declaration of 'myRatio'
C:\Users\iaved\Desktop\Messanger\Lab1\myRatio.cpp(149,13): error C2079: 'rt' uses undefined class 'myRatio'
C:\Users\iaved\Desktop\Messanger\Lab1\myRatio.cpp(149,26): error C2440: 'initializing': cannot convert from 'initializer list' to 'int'
C:\Users\iaved\Desktop\Messanger\Lab1\myRatio.cpp(149,15): message : The initializer contains too many elements
C:\Users\iaved\Desktop\Messanger\Lab1\myRatio.cpp(154,1): error C2027: use of undefined type 'myRatio'
C:\Users\iaved\Desktop\Messanger\Lab1\myRatio.h(2): message : see declaration of 'myRatio'
C:\Users\iaved\Desktop\Messanger\Lab1\myRatio.cpp(153,9): error C2027: use of undefined type 'myRatio'
C:\Users\iaved\Desktop\Messanger\Lab1\myRatio.h(2): message : see declaration of 'myRatio'
C:\Users\iaved\Desktop\Messanger\Lab1\myRatio.cpp(155,29): error C2027: use of undefined type 'myRatio'
C:\Users\iaved\Desktop\Messanger\Lab1\myRatio.h(2): message : see declaration of 'myRatio'
C:\Users\iaved\Desktop\Messanger\Lab1\myRatio.cpp(155,56): error C2027: use of undefined type 'myRatio'
C:\Users\iaved\Desktop\Messanger\Lab1\myRatio.h(2): message : see declaration of 'myRatio'
C:\Users\iaved\Desktop\Messanger\Lab1\myRatio.cpp(155,83): error C2027: use of undefined type 'myRatio'
C:\Users\iaved\Desktop\Messanger\Lab1\myRatio.h(2): message : see declaration of 'myRatio'
C:\Users\iaved\Desktop\Messanger\Lab1\myRatio.cpp(155,110): error C2027: use of undefined type 'myRatio'
C:\Users\iaved\Desktop\Messanger\Lab1\myRatio.h(2): message : see declaration of 'myRatio'
C:\Users\iaved\Desktop\Messanger\Lab1\myRatio.cpp(158,13): error C2079: 'rt' uses undefined class 'myRatio'
C:\Users\iaved\Desktop\Messanger\Lab1\myRatio.cpp(158,26): error C2440: 'initializing': cannot convert from 'initializer list' to 'int'
C:\Users\iaved\Desktop\Messanger\Lab1\myRatio.cpp(158,15): message : The initializer contains too many elements
C:\Users\iaved\Desktop\Messanger\Lab1\myRatio.cpp(163,1): error C2027: use of undefined type 'myRatio'
C:\Users\iaved\Desktop\Messanger\Lab1\myRatio.h(2): message : see declaration of 'myRatio'
C:\Users\iaved\Desktop\Messanger\Lab1\myRatio.cpp(162,9): error C2027: use of undefined type 'myRatio'
C:\Users\iaved\Desktop\Messanger\Lab1\myRatio.h(2): message : see declaration of 'myRatio'
C:\Users\iaved\Desktop\Messanger\Lab1\myRatio.cpp(164,29): error C2027: use of undefined type 'myRatio'
C:\Users\iaved\Desktop\Messanger\Lab1\myRatio.h(2): message : see declaration of 'myRatio'
C:\Users\iaved\Desktop\Messanger\Lab1\myRatio.cpp(164,56): error C2027: use of undefined type 'myRatio'
C:\Users\iaved\Desktop\Messanger\Lab1\myRatio.h(2): message : see declaration of 'myRatio'
C:\Users\iaved\Desktop\Messanger\Lab1\myRatio.cpp(164,83): error C2027: use of undefined type 'myRatio'
C:\Users\iaved\Desktop\Messanger\Lab1\myRatio.h(2): message : see declaration of 'myRatio'
C:\Users\iaved\Desktop\Messanger\Lab1\myRatio.cpp(164,110): error C2027: use of undefined type 'myRatio'
C:\Users\iaved\Desktop\Messanger\Lab1\myRatio.h(2): message : see declaration of 'myRatio'
C:\Users\iaved\Desktop\Messanger\Lab1\myRatio.cpp(167,13): error C2079: 'rt' uses undefined class 'myRatio'
C:\Users\iaved\Desktop\Messanger\Lab1\myRatio.cpp(167,26): error C2440: 'initializing': cannot convert from 'initializer list' to 'int'
C:\Users\iaved\Desktop\Messanger\Lab1\myRatio.cpp(167,15): message : The initializer contains too many elements
C:\Users\iaved\Desktop\Messanger\Lab1\myRatio.cpp(172,1): error C2027: use of undefined type 'myRatio'
C:\Users\iaved\Desktop\Messanger\Lab1\myRatio.h(2): message : see declaration of 'myRatio'
C:\Users\iaved\Desktop\Messanger\Lab1\myRatio.cpp(171,9): error C2027: use of undefined type 'myRatio'
C:\Users\iaved\Desktop\Messanger\Lab1\myRatio.h(2): message : see declaration of 'myRatio'
C:\Users\iaved\Desktop\Messanger\Lab1\myRatio.cpp(173,29): error C2027: use of undefined type 'myRatio'
C:\Users\iaved\Desktop\Messanger\Lab1\myRatio.h(2): message : see declaration of 'myRatio'
C:\Users\iaved\Desktop\Messanger\Lab1\myRatio.cpp(173,56): error C2027: use of undefined type 'myRatio'
C:\Users\iaved\Desktop\Messanger\Lab1\myRatio.h(2): message : see declaration of 'myRatio'
C:\Users\iaved\Desktop\Messanger\Lab1\myRatio.cpp(173,83): error C2027: use of undefined type 'myRatio'
C:\Users\iaved\Desktop\Messanger\Lab1\myRatio.h(2): message : see declaration of 'myRatio'
C:\Users\iaved\Desktop\Messanger\Lab1\myRatio.cpp(173,110): error C2027: use of undefined type 'myRatio'
C:\Users\iaved\Desktop\Messanger\Lab1\myRatio.h(2): message : see declaration of 'myRatio'
C:\Users\iaved\Desktop\Messanger\Lab1\myRatio.cpp(176,13): error C2079: 'rt' uses undefined class 'myRatio'
C:\Users\iaved\Desktop\Messanger\Lab1\myRatio.cpp(176,26): error C2440: 'initializing': cannot convert from 'initializer list' to 'int'
C:\Users\iaved\Desktop\Messanger\Lab1\myRatio.cpp(176,15): message : The initializer contains too many elements
